Docker Build Test Results - Fri May 16 20:15:34 PDT 2025
=================================
❌ Development image build: FAILED
❌ Production image build: FAILED
❌ Image size check: FAILED (Image is too large)
❌ PyO3 extension check: FAILED
❌ Multi-stage build check: FAILED (Build tools found in final image)

Test Summary:
  Passed: 0
  Failed: 5
  Total: 5
